2025-06-30 21:00:39 [main] INFO  com.example.demo.SareetaApplication - Starting SareetaApplication using Java 21.0.7 with PID 28448 (C:\Curso-Udacity\Curso4-StoresandPersistence\nd035-c4-Security-and-DevOps\starter_code\target\classes started by edson in C:\Curso-Udacity\Curso4-StoresandPersistence\nd035-c4-Security-and-DevOps)
2025-06-30 21:00:39 [main] INFO  com.example.demo.SareetaApplication - No active profile set, falling back to 1 default profile: "default"
2025-06-30 21:00:40 [main] INFO  o.s.d.r.c.RepositoryConfigurationDelegate - Bootstrapping Spring Data JPA repositories in DEFAULT mode.
2025-06-30 21:00:40 [main] INFO  o.s.d.r.c.RepositoryConfigurationDelegate - Finished Spring Data repository scanning in 76 ms. Found 4 JPA repository interfaces.
2025-06-30 21:00:41 [main] INFO  o.s.b.w.e.tomcat.TomcatWebServer - Tomcat initialized with port 8080 (http)
2025-06-30 21:00:41 [main] INFO  o.a.catalina.core.StandardService - Starting service [Tomcat]
2025-06-30 21:00:41 [main] INFO  o.a.catalina.core.StandardEngine - Starting Servlet engine: [Apache Tomcat/10.1.31]
2025-06-30 21:00:41 [main] INFO  o.a.c.c.C.[Tomcat].[localhost].[/] - Initializing Spring embedded WebApplicationContext
2025-06-30 21:00:41 [main] INFO  o.s.b.w.s.c.ServletWebServerApplicationContext - Root WebApplicationContext: initialization completed in 2165 ms
2025-06-30 21:00:41 [main] INFO  com.zaxxer.hikari.HikariDataSource - HikariPool-1 - Starting...
2025-06-30 21:00:42 [main] INFO  com.zaxxer.hikari.pool.HikariPool - HikariPool-1 - Added connection conn0: url=jdbc:h2:mem:bootapp user=SA
2025-06-30 21:00:42 [main] INFO  com.zaxxer.hikari.HikariDataSource - HikariPool-1 - Start completed.
2025-06-30 21:00:42 [main] INFO  o.s.b.a.h.H2ConsoleAutoConfiguration - H2 console available at '/h2'. Database available at 'jdbc:h2:mem:bootapp'
2025-06-30 21:00:42 [main] INFO  o.h.jpa.internal.util.LogHelper - HHH000204: Processing PersistenceUnitInfo [name: default]
2025-06-30 21:00:42 [main] INFO  org.hibernate.Version - HHH000412: Hibernate ORM core version 6.5.3.Final
2025-06-30 21:00:42 [main] INFO  o.h.c.i.RegionFactoryInitiator - HHH000026: Second-level cache disabled
2025-06-30 21:00:43 [main] INFO  o.s.o.j.p.SpringPersistenceUnitInfo - No LoadTimeWeaver setup: ignoring JPA class transformer
2025-06-30 21:00:43 [main] WARN  org.hibernate.orm.deprecation - HHH90000025: H2Dialect does not need to be specified explicitly using 'hibernate.dialect' (remove the property setting and it will be selected by default)
2025-06-30 21:00:44 [main] INFO  o.h.e.t.j.p.i.JtaPlatformInitiator - HHH000489: No JTA platform available (set 'hibernate.transaction.jta.platform' to enable JTA platform integration)
2025-06-30 21:00:44 [main] INFO  o.s.o.j.LocalContainerEntityManagerFactoryBean - Initialized JPA EntityManagerFactory for persistence unit 'default'
2025-06-30 21:00:46 [main] INFO  o.s.s.c.a.a.c.InitializeAuthenticationProviderBeanManagerConfigurer$InitializeAuthenticationProviderManagerConfigurer - Global AuthenticationManager configured with AuthenticationProvider bean with name daoAuthenticationProvider
2025-06-30 21:00:46 [main] WARN  o.s.s.c.a.a.c.InitializeUserDetailsBeanManagerConfigurer$InitializeUserDetailsManagerConfigurer - Global AuthenticationManager configured with an AuthenticationProvider bean. UserDetailsService beans will not be used for username/password login. Consider removing the AuthenticationProvider bean. Alternatively, consider using the UserDetailsService in a manually instantiated DaoAuthenticationProvider.
2025-06-30 21:00:46 [main] WARN  o.s.b.a.o.j.JpaBaseConfiguration$JpaWebConfiguration - spring.jpa.open-in-view is enabled by default. Therefore, database queries may be performed during view rendering. Explicitly configure spring.jpa.open-in-view to disable this warning
2025-06-30 21:00:48 [main] INFO  o.s.b.w.e.tomcat.TomcatWebServer - Tomcat started on port 8080 (http) with context path '/'
2025-06-30 21:00:48 [main] INFO  com.example.demo.SareetaApplication - Started SareetaApplication in 9.351 seconds (process running for 9.905)
2025-06-30 21:01:25 [http-nio-8080-exec-1] INFO  o.a.c.c.C.[Tomcat].[localhost].[/] - Initializing Spring DispatcherServlet 'dispatcherServlet'
2025-06-30 21:01:25 [http-nio-8080-exec-1] INFO  o.s.web.servlet.DispatcherServlet - Initializing Servlet 'dispatcherServlet'
2025-06-30 21:01:25 [http-nio-8080-exec-1] INFO  o.s.web.servlet.DispatcherServlet - Completed initialization in 1 ms
2025-06-30 21:01:26 [http-nio-8080-exec-1] INFO  c.e.demo.controllers.UserController - CreateUser request initiated for username: edsonlv
2025-06-30 21:01:26 [http-nio-8080-exec-1] INFO  c.e.demo.controllers.UserController - CreateUser request successful for username: edsonlv - User created successfully with ID: 1
2025-06-30 21:01:41 [http-nio-8080-exec-3] INFO  c.e.demo.controllers.UserController - CreateUser request initiated for username: edson
2025-06-30 21:01:41 [http-nio-8080-exec-3] INFO  c.e.demo.controllers.UserController - CreateUser request successful for username: edson - User created successfully with ID: 2
2025-06-30 21:02:01 [http-nio-8080-exec-4] INFO  c.e.demo.controllers.UserController - CreateUser request initiated for username: luismelo
2025-06-30 21:02:01 [http-nio-8080-exec-4] WARN  c.e.demo.controllers.UserController - CreateUser request failed for username: luismelo - Password and confirmPassword do not match
2025-06-30 21:10:46 [SpringApplicationShutdownHook] INFO  o.s.o.j.LocalContainerEntityManagerFactoryBean - Closing JPA EntityManagerFactory for persistence unit 'default'
2025-06-30 21:10:46 [SpringApplicationShutdownHook] INFO  com.zaxxer.hikari.HikariDataSource - HikariPool-1 - Shutdown initiated...
2025-06-30 21:10:46 [SpringApplicationShutdownHook] INFO  com.zaxxer.hikari.HikariDataSource - HikariPool-1 - Shutdown completed.
